# JRE version: OpenJDK Runtime Environment Temurin-17.0.6+10 (17.0.6+10) (build 17.0.6+10)
# Java VM: OpenJDK 64-Bit Server VM Temurin-17.0.6+10 (17.0.6+10, mixed mode, tiered, compressed oops, compressed class ptrs, parallel gc, windows-amd64)
GC Precious Log:
 CPUs: 16 total, 16 available
 Memory: 16333M
 Large Page Support: Disabled
 NUMA Support: Disabled
 Compressed Oops: Enabled (32-bit)
 Alignments: Space 512K, Generation 512K, Heap 2M
 Heap Min Capacity: 100M
 Heap Initial Capacity: 100M
 Heap Max Capacity: 1G
 Pre-touch: Disabled
 Parallel Workers: 13
Heap:
 PSYoungGen      total 93696K, used 224K [0x00000000eab00000, 0x00000000f0e00000, 0x0000000100000000)
  eden space 93184K, 0% used [0x00000000eab00000,0x00000000eab00000,0x00000000f0600000)
  from space 512K, 43% used [0x00000000f0d80000,0x00000000f0db8000,0x00000000f0e00000)
  to   space 1024K, 0% used [0x00000000f0c00000,0x00000000f0c00000,0x00000000f0d00000)
 ParOldGen       total 340480K, used 340003K [0x00000000c0000000, 0x00000000d4c80000, 0x00000000eab00000)
  object space 340480K, 99% used [0x00000000c0000000,0x00000000d4c08f98,0x00000000d4c80000)
 Metaspace       used 101412K, committed 102720K, reserved 1146880K
  class space    used 10894K, committed 11520K, reserved 1048576K
GC Heap History (20 events):
Event: 1380.047 GC heap after
{Heap after GC invocations=11019 (full 198):
 PSYoungGen      total 83456K, used 1422K [0x00000000eab00000, 0x00000000eff80000, 0x0000000100000000)
  eden space 81920K, 0% used [0x00000000eab00000,0x00000000eab00000,0x00000000efb00000)
  from space 1536K, 92% used [0x00000000efd80000,0x00000000efee3be0,0x00000000eff00000)
  to   space 512K, 0% used [0x00000000eff00000,0x00000000eff00000,0x00000000eff80000)
 ParOldGen       total 340480K, used 336808K [0x00000000c0000000, 0x00000000d4c80000, 0x00000000eab00000)
  object space 340480K, 98% used [0x00000000c0000000,0x00000000d48ea038,0x00000000d4c80000)
 Metaspace       used 101412K, committed 102720K, reserved 1146880K
  class space    used 10894K, committed 11520K, reserved 1048576K
}
Event: 1380.065 GC heap before
{Heap before GC invocations=11020 (full 198):
 PSYoungGen      total 83456K, used 83114K [0x00000000eab00000, 0x00000000eff80000, 0x0000000100000000)
  eden space 81920K, 99% used [0x00000000eab00000,0x00000000efac6c38,0x00000000efb00000)
  from space 1536K, 92% used [0x00000000efd80000,0x00000000efee3be0,0x00000000eff00000)
  to   space 512K, 0% used [0x00000000eff00000,0x00000000eff00000,0x00000000eff80000)
 ParOldGen       total 340480K, used 336808K [0x00000000c0000000, 0x00000000d4c80000, 0x00000000eab00000)
  object space 340480K, 98% used [0x00000000c0000000,0x00000000d48ea038,0x00000000d4c80000)
 Metaspace       used 101412K, committed 102720K, reserved 1146880K
  class space    used 10894K, committed 11520K, reserved 1048576K
}
Event: 1380.067 GC heap after
{Heap after GC invocations=11020 (full 198):
 PSYoungGen      total 80384K, used 496K [0x00000000eab00000, 0x00000000eff80000, 0x0000000100000000)
  eden space 79872K, 0% used [0x00000000eab00000,0x00000000eab00000,0x00000000ef900000)
  from space 512K, 96% used [0x00000000eff00000,0x00000000eff7c030,0x00000000eff80000)
  to   space 2048K, 0% used [0x00000000efb80000,0x00000000efb80000,0x00000000efd80000)
 ParOldGen       total 340480K, used 338168K [0x00000000c0000000, 0x00000000d4c80000, 0x00000000eab00000)
  object space 340480K, 99% used [0x00000000c0000000,0x00000000d4a3e0c8,0x00000000d4c80000)
 Metaspace       used 101412K, committed 102720K, reserved 1146880K
  class space    used 10894K, committed 11520K, reserved 1048576K
}
Event: 1380.084 GC heap before
{Heap before GC invocations=11021 (full 198):
 PSYoungGen      total 80384K, used 80046K [0x00000000eab00000, 0x00000000eff80000, 0x0000000100000000)
  eden space 79872K, 99% used [0x00000000eab00000,0x00000000ef8af918,0x00000000ef900000)
  from space 512K, 96% used [0x00000000eff00000,0x00000000eff7c030,0x00000000eff80000)
  to   space 2048K, 0% used [0x00000000efb80000,0x00000000efb80000,0x00000000efd80000)
 ParOldGen       total 340480K, used 338168K [0x00000000c0000000, 0x00000000d4c80000, 0x00000000eab00000)
  object space 340480K, 99% used [0x00000000c0000000,0x00000000d4a3e0c8,0x00000000d4c80000)
 Metaspace       used 101412K, committed 102720K, reserved 1146880K
  class space    used 10894K, committed 11520K, reserved 1048576K
}
Event: 1380.087 GC heap after
{Heap after GC invocations=11021 (full 198):
 PSYoungGen      total 79872K, used 1952K [0x00000000eab00000, 0x00000000eff80000, 0x0000000100000000)
  eden space 77824K, 0% used [0x00000000eab00000,0x00000000eab00000,0x00000000ef700000)
  from space 2048K, 95% used [0x00000000efb80000,0x00000000efd680c0,0x00000000efd80000)
  to   space 2048K, 0% used [0x00000000efd80000,0x00000000efd80000,0x00000000eff80000)
 ParOldGen       total 340480K, used 338176K [0x00000000c0000000, 0x00000000d4c80000, 0x00000000eab00000)
  object space 340480K, 99% used [0x00000000c0000000,0x00000000d4a400c8,0x00000000d4c80000)
 Metaspace       used 101412K, committed 102720K, reserved 1146880K
  class space    used 10894K, committed 11520K, reserved 1048576K
}
Event: 1380.102 GC heap before
{Heap before GC invocations=11022 (full 198):
 PSYoungGen      total 79872K, used 79668K [0x00000000eab00000, 0x00000000eff80000, 0x0000000100000000)
  eden space 77824K, 99% used [0x00000000eab00000,0x00000000ef6e5218,0x00000000ef700000)
  from space 2048K, 95% used [0x00000000efb80000,0x00000000efd680c0,0x00000000efd80000)
  to   space 2048K, 0% used [0x00000000efd80000,0x00000000efd80000,0x00000000eff80000)
 ParOldGen       total 340480K, used 338176K [0x00000000c0000000, 0x00000000d4c80000, 0x00000000eab00000)
  object space 340480K, 99% used [0x00000000c0000000,0x00000000d4a400c8,0x00000000d4c80000)
 Metaspace       used 101412K, committed 102720K, reserved 1146880K
  class space    used 10894K, committed 11520K, reserved 1048576K
}
Event: 1380.105 GC heap after
{Heap after GC invocations=11022 (full 198):
 PSYoungGen      total 77824K, used 1888K [0x00000000eab00000, 0x00000000eff80000, 0x0000000100000000)
  eden space 75776K, 0% used [0x00000000eab00000,0x00000000eab00000,0x00000000ef500000)
  from space 2048K, 92% used [0x00000000efd80000,0x00000000eff580c0,0x00000000eff80000)
  to   space 2048K, 0% used [0x00000000efb80000,0x00000000efb80000,0x00000000efd80000)
 ParOldGen       total 340480K, used 338632K [0x00000000c0000000, 0x00000000d4c80000, 0x00000000eab00000)
  object space 340480K, 99% used [0x00000000c0000000,0x00000000d4ab20f8,0x00000000d4c80000)
 Metaspace       used 101412K, committed 102720K, reserved 1146880K
  class space    used 10894K, committed 11520K, reserved 1048576K
}
Event: 1380.122 GC heap before
{Heap before GC invocations=11023 (full 198):
 PSYoungGen      total 77824K, used 77507K [0x00000000eab00000, 0x00000000eff80000, 0x0000000100000000)
  eden space 75776K, 99% used [0x00000000eab00000,0x00000000ef4d8dc8,0x00000000ef500000)
  from space 2048K, 92% used [0x00000000efd80000,0x00000000eff580c0,0x00000000eff80000)
  to   space 2048K, 0% used [0x00000000efb80000,0x00000000efb80000,0x00000000efd80000)
 ParOldGen       total 340480K, used 338632K [0x00000000c0000000, 0x00000000d4c80000, 0x00000000eab00000)
  object space 340480K, 99% used [0x00000000c0000000,0x00000000d4ab20f8,0x00000000d4c80000)
 Metaspace       used 101412K, committed 102720K, reserved 1146880K
  class space    used 10894K, committed 11520K, reserved 1048576K
}
Event: 1380.129 GC heap after
{Heap after GC invocations=11023 (full 198):
 PSYoungGen      total 84480K, used 1889K [0x00000000eab00000, 0x00000000f0400000, 0x0000000100000000)
  eden space 82432K, 0% used [0x00000000eab00000,0x00000000eab00000,0x00000000efb80000)
  from space 2048K, 92% used [0x00000000efb80000,0x00000000efd58700,0x00000000efd80000)
  to   space 2048K, 0% used [0x00000000f0200000,0x00000000f0200000,0x00000000f0400000)
 ParOldGen       total 340480K, used 338640K [0x00000000c0000000, 0x00000000d4c80000, 0x00000000eab00000)
  object space 340480K, 99% used [0x00000000c0000000,0x00000000d4ab40f8,0x00000000d4c80000)
 Metaspace       used 101412K, committed 102720K, reserved 1146880K
  class space    used 10894K, committed 11520K, reserved 1048576K
}
Event: 1380.145 GC heap before
{Heap before GC invocations=11024 (full 198):
 PSYoungGen      total 84480K, used 84230K [0x00000000eab00000, 0x00000000f0400000, 0x0000000100000000)
  eden space 82432K, 99% used [0x00000000eab00000,0x00000000efb69218,0x00000000efb80000)
  from space 2048K, 92% used [0x00000000efb80000,0x00000000efd58700,0x00000000efd80000)
  to   space 2048K, 0% used [0x00000000f0200000,0x00000000f0200000,0x00000000f0400000)
 ParOldGen       total 340480K, used 338640K [0x00000000c0000000, 0x00000000d4c80000, 0x00000000eab00000)
  object space 340480K, 99% used [0x00000000c0000000,0x00000000d4ab40f8,0x00000000d4c80000)
 Metaspace       used 101412K, committed 102720K, reserved 1146880K
  class space    used 10894K, committed 11520K, reserved 1048576K
}
Event: 1380.148 GC heap after
{Heap after GC invocations=11024 (full 198):
 PSYoungGen      total 89088K, used 1889K [0x00000000eab00000, 0x00000000f0b00000, 0x0000000100000000)
  eden space 87040K, 0% used [0x00000000eab00000,0x00000000eab00000,0x00000000f0000000)
  from space 2048K, 92% used [0x00000000f0200000,0x00000000f03d8700,0x00000000f0400000)
  to   space 2048K, 0% used [0x00000000f0000000,0x00000000f0000000,0x00000000f0200000)
 ParOldGen       total 340480K, used 338648K [0x00000000c0000000, 0x00000000d4c80000, 0x00000000eab00000)
  object space 340480K, 99% used [0x00000000c0000000,0x00000000d4ab60f8,0x00000000d4c80000)
 Metaspace       used 101412K, committed 102720K, reserved 1146880K
  class space    used 10894K, committed 11520K, reserved 1048576K
}
Event: 1380.172 GC heap before
{Heap before GC invocations=11025 (full 198):
 PSYoungGen      total 89088K, used 88848K [0x00000000eab00000, 0x00000000f0b00000, 0x0000000100000000)
  eden space 87040K, 99% used [0x00000000eab00000,0x00000000effeb990,0x00000000f0000000)
  from space 2048K, 92% used [0x00000000f0200000,0x00000000f03d8700,0x00000000f0400000)
  to   space 2048K, 0% used [0x00000000f0000000,0x00000000f0000000,0x00000000f0200000)
 ParOldGen       total 340480K, used 338648K [0x00000000c0000000, 0x00000000d4c80000, 0x00000000eab00000)
  object space 340480K, 99% used [0x00000000c0000000,0x00000000d4ab60f8,0x00000000d4c80000)
 Metaspace       used 101412K, committed 102720K, reserved 1146880K
  class space    used 10894K, committed 11520K, reserved 1048576K
}
Event: 1380.174 GC heap after
{Heap after GC invocations=11025 (full 198):
 PSYoungGen      total 89088K, used 1489K [0x00000000eab00000, 0x00000000f0f80000, 0x0000000100000000)
  eden space 87040K, 0% used [0x00000000eab00000,0x00000000eab00000,0x00000000f0000000)
  from space 2048K, 72% used [0x00000000f0000000,0x00000000f0174540,0x00000000f0200000)
  to   space 2048K, 0% used [0x00000000f0d80000,0x00000000f0d80000,0x00000000f0f80000)
 ParOldGen       total 340480K, used 338656K [0x00000000c0000000, 0x00000000d4c80000, 0x00000000eab00000)
  object space 340480K, 99% used [0x00000000c0000000,0x00000000d4ab80f8,0x00000000d4c80000)
 Metaspace       used 101412K, committed 102720K, reserved 1146880K
  class space    used 10894K, committed 11520K, reserved 1048576K
}
Event: 1380.190 GC heap before
{Heap before GC invocations=11026 (full 198):
 PSYoungGen      total 89088K, used 88502K [0x00000000eab00000, 0x00000000f0f80000, 0x0000000100000000)
  eden space 87040K, 99% used [0x00000000eab00000,0x00000000efff93b8,0x00000000f0000000)
  from space 2048K, 72% used [0x00000000f0000000,0x00000000f0174540,0x00000000f0200000)
  to   space 2048K, 0% used [0x00000000f0d80000,0x00000000f0d80000,0x00000000f0f80000)
 ParOldGen       total 340480K, used 338656K [0x00000000c0000000, 0x00000000d4c80000, 0x00000000eab00000)
  object space 340480K, 99% used [0x00000000c0000000,0x00000000d4ab80f8,0x00000000d4c80000)
 Metaspace       used 101412K, committed 102720K, reserved 1146880K
  class space    used 10894K, committed 11520K, reserved 1048576K
}
Event: 1380.193 GC heap after
{Heap after GC invocations=11026 (full 198):
 PSYoungGen      total 86528K, used 1923K [0x00000000eab00000, 0x00000000f0f80000, 0x0000000100000000)
  eden space 84480K, 0% used [0x00000000eab00000,0x00000000eab00000,0x00000000efd80000)
  from space 2048K, 93% used [0x00000000f0d80000,0x00000000f0f60d40,0x00000000f0f80000)
  to   space 2048K, 0% used [0x00000000f0b80000,0x00000000f0b80000,0x00000000f0d80000)
 ParOldGen       total 340480K, used 338664K [0x00000000c0000000, 0x00000000d4c80000, 0x00000000eab00000)
  object space 340480K, 99% used [0x00000000c0000000,0x00000000d4aba0f8,0x00000000d4c80000)
 Metaspace       used 101412K, committed 102720K, reserved 1146880K
  class space    used 10894K, committed 11520K, reserved 1048576K
}
Event: 1380.209 GC heap before
{Heap before GC invocations=11027 (full 198):
 PSYoungGen      total 86528K, used 85980K [0x00000000eab00000, 0x00000000f0f80000, 0x0000000100000000)
  eden space 84480K, 99% used [0x00000000eab00000,0x00000000efd164e0,0x00000000efd80000)
  from space 2048K, 93% used [0x00000000f0d80000,0x00000000f0f60d40,0x00000000f0f80000)
  to   space 2048K, 0% used [0x00000000f0b80000,0x00000000f0b80000,0x00000000f0d80000)
 ParOldGen       total 340480K, used 338664K [0x00000000c0000000, 0x00000000d4c80000, 0x00000000eab00000)
  object space 340480K, 99% used [0x00000000c0000000,0x00000000d4aba0f8,0x00000000d4c80000)
 Metaspace       used 101412K, committed 102720K, reserved 1146880K
  class space    used 10894K, committed 11520K, reserved 1048576K
}
Event: 1380.212 GC heap after
{Heap after GC invocations=11027 (full 198):
 PSYoungGen      total 98304K, used 1891K [0x00000000eab00000, 0x00000000f0e00000, 0x0000000100000000)
  eden space 96256K, 0% used [0x00000000eab00000,0x00000000eab00000,0x00000000f0900000)
  from space 2048K, 92% used [0x00000000f0b80000,0x00000000f0d58d40,0x00000000f0d80000)
  to   space 512K, 0% used [0x00000000f0d80000,0x00000000f0d80000,0x00000000f0e00000)
 ParOldGen       total 340480K, used 338672K [0x00000000c0000000, 0x00000000d4c80000, 0x00000000eab00000)
  object space 340480K, 99% used [0x00000000c0000000,0x00000000d4abc0f8,0x00000000d4c80000)
 Metaspace       used 101412K, committed 102720K, reserved 1146880K
  class space    used 10894K, committed 11520K, reserved 1048576K
}
Event: 1380.233 GC heap before
{Heap before GC invocations=11028 (full 198):
 PSYoungGen      total 98304K, used 98147K [0x00000000eab00000, 0x00000000f0e00000, 0x0000000100000000)
  eden space 96256K, 100% used [0x00000000eab00000,0x00000000f0900000,0x00000000f0900000)
  from space 2048K, 92% used [0x00000000f0b80000,0x00000000f0d58d40,0x00000000f0d80000)
  to   space 512K, 0% used [0x00000000f0d80000,0x00000000f0d80000,0x00000000f0e00000)
 ParOldGen       total 340480K, used 338672K [0x00000000c0000000, 0x00000000d4c80000, 0x00000000eab00000)
  object space 340480K, 99% used [0x00000000c0000000,0x00000000d4abc0f8,0x00000000d4c80000)
 Metaspace       used 101412K, committed 102720K, reserved 1146880K
  class space    used 10894K, committed 11520K, reserved 1048576K
}
Event: 1380.235 GC heap after
{Heap after GC invocations=11028 (full 198):
 PSYoungGen      total 93696K, used 224K [0x00000000eab00000, 0x00000000f0e00000, 0x0000000100000000)
  eden space 93184K, 0% used [0x00000000eab00000,0x00000000eab00000,0x00000000f0600000)
  from space 512K, 43% used [0x00000000f0d80000,0x00000000f0db8000,0x00000000f0e00000)
  to   space 1024K, 0% used [0x00000000f0c00000,0x00000000f0c00000,0x00000000f0d00000)
 ParOldGen       total 340480K, used 340003K [0x00000000c0000000, 0x00000000d4c80000, 0x00000000eab00000)
  object space 340480K, 99% used [0x00000000c0000000,0x00000000d4c08f98,0x00000000d4c80000)
 Metaspace       used 101412K, committed 102720K, reserved 1146880K
  class space    used 10894K, committed 11520K, reserved 1048576K
}
Event: 1380.236 GC heap before
{Heap before GC invocations=11029 (full 199):
 PSYoungGen      total 93696K, used 224K [0x00000000eab00000, 0x00000000f0e00000, 0x0000000100000000)
  eden space 93184K, 0% used [0x00000000eab00000,0x00000000eab00000,0x00000000f0600000)
  from space 512K, 43% used [0x00000000f0d80000,0x00000000f0db8000,0x00000000f0e00000)
  to   space 1024K, 0% used [0x00000000f0c00000,0x00000000f0c00000,0x00000000f0d00000)
 ParOldGen       total 340480K, used 340003K [0x00000000c0000000, 0x00000000d4c80000, 0x00000000eab00000)
  object space 340480K, 99% used [0x00000000c0000000,0x00000000d4c08f98,0x00000000d4c80000)
 Metaspace       used 101412K, committed 102720K, reserved 1146880K
  class space    used 10894K, committed 11520K, reserved 1048576K
}

